<?xml version="1.0" encoding="UTF-8"?>
<coverage generated="1733775141687" clover="3.2.0">
  <project timestamp="1733775141688" name="All files">
    <metrics statements="43" coveredstatements="33" conditionals="12" coveredconditionals="5" methods="8" coveredmethods="5" elements="63" coveredelements="43" complexity="0" loc="43" ncloc="43" packages="2" files="2" classes="2"/>
    <package name="CSE341-Team-Project-Final-Star-Wars">
      <metrics statements="27" coveredstatements="21" conditionals="8" coveredconditionals="3" methods="6" coveredmethods="3"/>
      <file name="server.js" path="C:\Users\hands\Documents\vs Code\School\CSE341-Team-Project-Final-Star-Wars\server.js">
        <metrics statements="27" coveredstatements="21" conditionals="8" coveredconditionals="3" methods="6" coveredmethods="3"/>
        <line num="4" count="1" type="stmt"/>
        <line num="5" count="1" type="stmt"/>
        <line num="6" count="1" type="stmt"/>
        <line num="7" count="1" type="stmt"/>
        <line num="8" count="1" type="stmt"/>
        <line num="11" count="1" type="stmt"/>
        <line num="12" count="0" type="stmt"/>
        <line num="16" count="1" type="stmt"/>
        <line num="17" count="0" type="stmt"/>
        <line num="23" count="1" type="stmt"/>
        <line num="28" count="1" type="stmt"/>
        <line num="29" count="1" type="stmt"/>
        <line num="30" count="1" type="stmt"/>
        <line num="32" count="1" type="stmt"/>
        <line num="37" count="1" type="stmt"/>
        <line num="46" count="1" type="stmt"/>
        <line num="47" count="0" type="cond" truecount="0" falsecount="2"/>
        <line num="48" count="0" type="cond" truecount="0" falsecount="2"/>
        <line num="49" count="0" type="stmt"/>
        <line num="55" count="1" type="cond" truecount="2" falsecount="0"/>
        <line num="60" count="1" type="stmt"/>
        <line num="61" count="1" type="stmt"/>
        <line num="62" count="1" type="cond" truecount="1" falsecount="1"/>
        <line num="63" count="0" type="stmt"/>
        <line num="65" count="1" type="stmt"/>
        <line num="66" count="1" type="stmt"/>
        <line num="72" count="1" type="stmt"/>
      </file>
    </package>
    <package name="CSE341-Team-Project-Final-Star-Wars.config">
      <metrics statements="16" coveredstatements="12" conditionals="4" coveredconditionals="2" methods="2" coveredmethods="2"/>
      <file name="db.js" path="C:\Users\hands\Documents\vs Code\School\CSE341-Team-Project-Final-Star-Wars\config\db.js">
        <metrics statements="16" coveredstatements="12" conditionals="4" coveredconditionals="2" methods="2" coveredmethods="2"/>
        <line num="4" count="1" type="stmt"/>
        <line num="5" count="1" type="stmt"/>
        <line num="13" count="1" type="stmt"/>
        <line num="14" count="2" type="cond" truecount="1" falsecount="1"/>
        <line num="15" count="0" type="stmt"/>
        <line num="16" count="0" type="stmt"/>
        <line num="19" count="2" type="stmt"/>
        <line num="20" count="2" type="stmt"/>
        <line num="21" count="2" type="stmt"/>
        <line num="22" count="2" type="stmt"/>
        <line num="25" count="0" type="stmt"/>
        <line num="33" count="1" type="stmt"/>
        <line num="34" count="11" type="cond" truecount="1" falsecount="1"/>
        <line num="35" count="0" type="stmt"/>
        <line num="37" count="11" type="stmt"/>
        <line num="40" count="1" type="stmt"/>
      </file>
    </package>
  </project>
</coverage>
