{"C:\\Users\\kures\\byui-classes\\CSE341-Fall2024\\CSE341-Team-Project-Final-Star-Wars\\config\\db.js": {"path":"C:\\Users\\kures\\byui-classes\\CSE341-Fall2024\\CSE341-Team-Project-Final-Star-Wars\\config\\db.js","statementMap":{"0":{"start":{"line":4,"column":15},"end":{"line":4,"column":41}},"1":{"start":{"line":5,"column":20},"end":{"line":5,"column":50}},"2":{"start":{"line":13,"column":15},"end":{"line":27,"column":1}},"3":{"start":{"line":14,"column":2},"end":{"line":17,"column":3}},"4":{"start":{"line":15,"column":4},"end":{"line":15,"column":51}},"5":{"start":{"line":16,"column":4},"end":{"line":16,"column":36}},"6":{"start":{"line":19,"column":2},"end":{"line":26,"column":7}},"7":{"start":{"line":21,"column":6},"end":{"line":21,"column":24}},"8":{"start":{"line":22,"column":6},"end":{"line":22,"column":31}},"9":{"start":{"line":25,"column":6},"end":{"line":25,"column":20}},"10":{"start":{"line":32,"column":20},"end":{"line":37,"column":1}},"11":{"start":{"line":33,"column":2},"end":{"line":35,"column":3}},"12":{"start":{"line":34,"column":4},"end":{"line":34,"column":18}},"13":{"start":{"line":36,"column":2},"end":{"line":36,"column":18}},"14":{"start":{"line":39,"column":0},"end":{"line":39,"column":41}}},"fnMap":{"0":{"name":"(anonymous_0)","decl":{"start":{"line":13,"column":15},"end":{"line":13,"column":16}},"loc":{"start":{"line":13,"column":29},"end":{"line":27,"column":1}},"line":13},"1":{"name":"(anonymous_1)","decl":{"start":{"line":20,"column":10},"end":{"line":20,"column":11}},"loc":{"start":{"line":20,"column":22},"end":{"line":23,"column":5}},"line":20},"2":{"name":"(anonymous_2)","decl":{"start":{"line":24,"column":11},"end":{"line":24,"column":12}},"loc":{"start":{"line":24,"column":20},"end":{"line":26,"column":5}},"line":24},"3":{"name":"(anonymous_3)","decl":{"start":{"line":32,"column":20},"end":{"line":32,"column":21}},"loc":{"start":{"line":32,"column":26},"end":{"line":37,"column":1}},"line":32}},"branchMap":{"0":{"loc":{"start":{"line":14,"column":2},"end":{"line":17,"column":3}},"type":"if","locations":[{"start":{"line":14,"column":2},"end":{"line":17,"column":3}},{"start":{},"end":{}}],"line":14},"1":{"loc":{"start":{"line":33,"column":2},"end":{"line":35,"column":3}},"type":"if","locations":[{"start":{"line":33,"column":2},"end":{"line":35,"column":3}},{"start":{},"end":{}}],"line":33}},"s":{"0":1,"1":1,"2":1,"3":0,"4":0,"5":0,"6":0,"7":0,"8":0,"9":0,"10":1,"11":0,"12":0,"13":0,"14":1},"f":{"0":0,"1":0,"2":0,"3":0},"b":{"0":[0,0],"1":[0,0]},"_coverageSchema":"1a1c01bbd47fc00a2c39e90264f33305004495a9","hash":"bfec58b54a6d390d02ba5138a784367d477d92b9"}
,"C:\\Users\\kures\\byui-classes\\CSE341-Fall2024\\CSE341-Team-Project-Final-Star-Wars\\controllers\\vehicles.js": {"path":"C:\\Users\\kures\\byui-classes\\CSE341-Fall2024\\CSE341-Team-Project-Final-Star-Wars\\controllers\\vehicles.js","statementMap":{"0":{"start":{"line":4,"column":16},"end":{"line":4,"column":39}},"1":{"start":{"line":5,"column":21},"end":{"line":5,"column":39}},"2":{"start":{"line":10,"column":15},"end":{"line":19,"column":1}},"3":{"start":{"line":14,"column":17},"end":{"line":14,"column":78}},"4":{"start":{"line":15,"column":2},"end":{"line":18,"column":5}},"5":{"start":{"line":16,"column":4},"end":{"line":16,"column":54}},"6":{"start":{"line":17,"column":4},"end":{"line":17,"column":34}},"7":{"start":{"line":24,"column":18},"end":{"line":38,"column":1}},"8":{"start":{"line":28,"column":20},"end":{"line":28,"column":47}},"9":{"start":{"line":29,"column":17},"end":{"line":33,"column":29}},"10":{"start":{"line":34,"column":2},"end":{"line":37,"column":5}},"11":{"start":{"line":35,"column":4},"end":{"line":35,"column":54}},"12":{"start":{"line":36,"column":4},"end":{"line":36,"column":37}},"13":{"start":{"line":44,"column":30},"end":{"line":83,"column":1}},"14":{"start":{"line":49,"column":55},"end":{"line":49,"column":64}},"15":{"start":{"line":51,"column":17},"end":{"line":51,"column":19}},"16":{"start":{"line":52,"column":2},"end":{"line":54,"column":3}},"17":{"start":{"line":53,"column":4},"end":{"line":53,"column":50}},"18":{"start":{"line":55,"column":2},"end":{"line":57,"column":3}},"19":{"start":{"line":56,"column":4},"end":{"line":56,"column":52}},"20":{"start":{"line":58,"column":2},"end":{"line":60,"column":3}},"21":{"start":{"line":59,"column":4},"end":{"line":59,"column":66}},"22":{"start":{"line":61,"column":2},"end":{"line":63,"column":3}},"23":{"start":{"line":62,"column":4},"end":{"line":62,"column":68}},"24":{"start":{"line":65,"column":2},"end":{"line":82,"column":3}},"25":{"start":{"line":66,"column":19},"end":{"line":71,"column":16}},"26":{"start":{"line":73,"column":4},"end":{"line":73,"column":54}},"27":{"start":{"line":74,"column":4},"end":{"line":74,"column":33}},"28":{"start":{"line":76,"column":4},"end":{"line":81,"column":9}},"29":{"start":{"line":88,"column":25},"end":{"line":116,"column":1}},"30":{"start":{"line":92,"column":21},"end":{"line":102,"column":3}},"31":{"start":{"line":104,"column":19},"end":{"line":108,"column":26}},"32":{"start":{"line":109,"column":2},"end":{"line":115,"column":3}},"33":{"start":{"line":110,"column":4},"end":{"line":110,"column":27}},"34":{"start":{"line":112,"column":4},"end":{"line":114,"column":76}},"35":{"start":{"line":121,"column":22},"end":{"line":149,"column":1}},"36":{"start":{"line":125,"column":20},"end":{"line":125,"column":47}},"37":{"start":{"line":126,"column":18},"end":{"line":136,"column":3}},"38":{"start":{"line":137,"column":19},"end":{"line":141,"column":44}},"39":{"start":{"line":142,"column":2},"end":{"line":148,"column":3}},"40":{"start":{"line":143,"column":4},"end":{"line":143,"column":27}},"41":{"start":{"line":145,"column":4},"end":{"line":147,"column":79}},"42":{"start":{"line":154,"column":22},"end":{"line":181,"column":1}},"43":{"start":{"line":158,"column":2},"end":{"line":180,"column":3}},"44":{"start":{"line":160,"column":22},"end":{"line":160,"column":35}},"45":{"start":{"line":161,"column":4},"end":{"line":163,"column":5}},"46":{"start":{"line":162,"column":6},"end":{"line":162,"column":68}},"47":{"start":{"line":165,"column":21},"end":{"line":169,"column":50}},"48":{"start":{"line":170,"column":4},"end":{"line":174,"column":5}},"49":{"start":{"line":171,"column":6},"end":{"line":171,"column":29}},"50":{"start":{"line":173,"column":6},"end":{"line":173,"column":67}},"51":{"start":{"line":176,"column":4},"end":{"line":176,"column":49}},"52":{"start":{"line":177,"column":4},"end":{"line":179,"column":7}},"53":{"start":{"line":183,"column":0},"end":{"line":190,"column":2}}},"fnMap":{"0":{"name":"(anonymous_0)","decl":{"start":{"line":10,"column":15},"end":{"line":10,"column":16}},"loc":{"start":{"line":10,"column":35},"end":{"line":19,"column":1}},"line":10},"1":{"name":"(anonymous_1)","decl":{"start":{"line":15,"column":24},"end":{"line":15,"column":25}},"loc":{"start":{"line":15,"column":37},"end":{"line":18,"column":3}},"line":15},"2":{"name":"(anonymous_2)","decl":{"start":{"line":24,"column":18},"end":{"line":24,"column":19}},"loc":{"start":{"line":24,"column":38},"end":{"line":38,"column":1}},"line":24},"3":{"name":"(anonymous_3)","decl":{"start":{"line":34,"column":24},"end":{"line":34,"column":25}},"loc":{"start":{"line":34,"column":37},"end":{"line":37,"column":3}},"line":34},"4":{"name":"(anonymous_4)","decl":{"start":{"line":44,"column":30},"end":{"line":44,"column":31}},"loc":{"start":{"line":44,"column":50},"end":{"line":83,"column":1}},"line":44},"5":{"name":"(anonymous_5)","decl":{"start":{"line":88,"column":25},"end":{"line":88,"column":26}},"loc":{"start":{"line":88,"column":45},"end":{"line":116,"column":1}},"line":88},"6":{"name":"(anonymous_6)","decl":{"start":{"line":121,"column":22},"end":{"line":121,"column":23}},"loc":{"start":{"line":121,"column":42},"end":{"line":149,"column":1}},"line":121},"7":{"name":"(anonymous_7)","decl":{"start":{"line":154,"column":22},"end":{"line":154,"column":23}},"loc":{"start":{"line":154,"column":42},"end":{"line":181,"column":1}},"line":154}},"branchMap":{"0":{"loc":{"start":{"line":52,"column":2},"end":{"line":54,"column":3}},"type":"if","locations":[{"start":{"line":52,"column":2},"end":{"line":54,"column":3}},{"start":{},"end":{}}],"line":52},"1":{"loc":{"start":{"line":55,"column":2},"end":{"line":57,"column":3}},"type":"if","locations":[{"start":{"line":55,"column":2},"end":{"line":57,"column":3}},{"start":{},"end":{}}],"line":55},"2":{"loc":{"start":{"line":58,"column":2},"end":{"line":60,"column":3}},"type":"if","locations":[{"start":{"line":58,"column":2},"end":{"line":60,"column":3}},{"start":{},"end":{}}],"line":58},"3":{"loc":{"start":{"line":61,"column":2},"end":{"line":63,"column":3}},"type":"if","locations":[{"start":{"line":61,"column":2},"end":{"line":63,"column":3}},{"start":{},"end":{}}],"line":61},"4":{"loc":{"start":{"line":109,"column":2},"end":{"line":115,"column":3}},"type":"if","locations":[{"start":{"line":109,"column":2},"end":{"line":115,"column":3}},{"start":{"line":111,"column":9},"end":{"line":115,"column":3}}],"line":109},"5":{"loc":{"start":{"line":114,"column":12},"end":{"line":114,"column":74}},"type":"binary-expr","locations":[{"start":{"line":114,"column":12},"end":{"line":114,"column":26}},{"start":{"line":114,"column":30},"end":{"line":114,"column":74}}],"line":114},"6":{"loc":{"start":{"line":142,"column":2},"end":{"line":148,"column":3}},"type":"if","locations":[{"start":{"line":142,"column":2},"end":{"line":148,"column":3}},{"start":{"line":144,"column":9},"end":{"line":148,"column":3}}],"line":142},"7":{"loc":{"start":{"line":147,"column":12},"end":{"line":147,"column":77}},"type":"binary-expr","locations":[{"start":{"line":147,"column":12},"end":{"line":147,"column":26}},{"start":{"line":147,"column":30},"end":{"line":147,"column":77}}],"line":147},"8":{"loc":{"start":{"line":161,"column":4},"end":{"line":163,"column":5}},"type":"if","locations":[{"start":{"line":161,"column":4},"end":{"line":163,"column":5}},{"start":{},"end":{}}],"line":161},"9":{"loc":{"start":{"line":170,"column":4},"end":{"line":174,"column":5}},"type":"if","locations":[{"start":{"line":170,"column":4},"end":{"line":174,"column":5}},{"start":{"line":172,"column":11},"end":{"line":174,"column":5}}],"line":170}},"s":{"0":1,"1":1,"2":1,"3":1,"4":1,"5":1,"6":1,"7":1,"8":1,"9":1,"10":1,"11":1,"12":1,"13":1,"14":0,"15":0,"16":0,"17":0,"18":0,"19":0,"20":0,"21":0,"22":0,"23":0,"24":0,"25":0,"26":0,"27":0,"28":0,"29":1,"30":0,"31":0,"32":0,"33":0,"34":0,"35":1,"36":0,"37":0,"38":0,"39":0,"40":0,"41":0,"42":1,"43":0,"44":0,"45":0,"46":0,"47":0,"48":0,"49":0,"50":0,"51":0,"52":0,"53":1},"f":{"0":1,"1":1,"2":1,"3":1,"4":0,"5":0,"6":0,"7":0},"b":{"0":[0,0],"1":[0,0],"2":[0,0],"3":[0,0],"4":[0,0],"5":[0,0],"6":[0,0],"7":[0,0],"8":[0,0],"9":[0,0]},"_coverageSchema":"1a1c01bbd47fc00a2c39e90264f33305004495a9","hash":"f0829d55de87419698ec81d8d3882fbc23ab7793"}
}
