{"C:\\Users\\hands\\Documents\\vs Code\\School\\CSE341-Team-Project-Final-Star-Wars\\config\\db.js": {"path":"C:\\Users\\hands\\Documents\\vs Code\\School\\CSE341-Team-Project-Final-Star-Wars\\config\\db.js","statementMap":{"0":{"start":{"line":5,"column":15},"end":{"line":5,"column":41}},"1":{"start":{"line":6,"column":20},"end":{"line":6,"column":50}},"2":{"start":{"line":14,"column":15},"end":{"line":28,"column":1}},"3":{"start":{"line":15,"column":2},"end":{"line":18,"column":3}},"4":{"start":{"line":16,"column":4},"end":{"line":16,"column":51}},"5":{"start":{"line":17,"column":4},"end":{"line":17,"column":36}},"6":{"start":{"line":20,"column":2},"end":{"line":27,"column":7}},"7":{"start":{"line":22,"column":6},"end":{"line":22,"column":24}},"8":{"start":{"line":23,"column":6},"end":{"line":23,"column":31}},"9":{"start":{"line":26,"column":6},"end":{"line":26,"column":20}},"10":{"start":{"line":33,"column":20},"end":{"line":38,"column":1}},"11":{"start":{"line":34,"column":2},"end":{"line":36,"column":3}},"12":{"start":{"line":35,"column":4},"end":{"line":35,"column":18}},"13":{"start":{"line":37,"column":2},"end":{"line":37,"column":18}},"14":{"start":{"line":40,"column":0},"end":{"line":40,"column":41}}},"fnMap":{"0":{"name":"(anonymous_0)","decl":{"start":{"line":14,"column":15},"end":{"line":14,"column":16}},"loc":{"start":{"line":14,"column":29},"end":{"line":28,"column":1}},"line":14},"1":{"name":"(anonymous_1)","decl":{"start":{"line":21,"column":10},"end":{"line":21,"column":11}},"loc":{"start":{"line":21,"column":22},"end":{"line":24,"column":5}},"line":21},"2":{"name":"(anonymous_2)","decl":{"start":{"line":25,"column":11},"end":{"line":25,"column":12}},"loc":{"start":{"line":25,"column":20},"end":{"line":27,"column":5}},"line":25},"3":{"name":"(anonymous_3)","decl":{"start":{"line":33,"column":20},"end":{"line":33,"column":21}},"loc":{"start":{"line":33,"column":26},"end":{"line":38,"column":1}},"line":33}},"branchMap":{"0":{"loc":{"start":{"line":15,"column":2},"end":{"line":18,"column":3}},"type":"if","locations":[{"start":{"line":15,"column":2},"end":{"line":18,"column":3}},{"start":{},"end":{}}],"line":15},"1":{"loc":{"start":{"line":34,"column":2},"end":{"line":36,"column":3}},"type":"if","locations":[{"start":{"line":34,"column":2},"end":{"line":36,"column":3}},{"start":{},"end":{}}],"line":34}},"s":{"0":4,"1":4,"2":4,"3":1,"4":0,"5":0,"6":1,"7":1,"8":1,"9":0,"10":4,"11":8,"12":0,"13":8,"14":4},"f":{"0":1,"1":1,"2":0,"3":8},"b":{"0":[0,1],"1":[0,8]},"_coverageSchema":"1a1c01bbd47fc00a2c39e90264f33305004495a9","hash":"b5272bd165e7aebd75708a745c1a36f51442ba3d"}
,"C:\\Users\\hands\\Documents\\vs Code\\School\\CSE341-Team-Project-Final-Star-Wars\\controllers\\characters.js": {"path":"C:\\Users\\hands\\Documents\\vs Code\\School\\CSE341-Team-Project-Final-Star-Wars\\controllers\\characters.js","statementMap":{"0":{"start":{"line":1,"column":16},"end":{"line":1,"column":39}},"1":{"start":{"line":2,"column":17},"end":{"line":2,"column":44}},"2":{"start":{"line":3,"column":28},"end":{"line":3,"column":30}},"3":{"start":{"line":5,"column":0},"end":{"line":11,"column":2}},"4":{"start":{"line":6,"column":2},"end":{"line":10,"column":3}},"5":{"start":{"line":7,"column":4},"end":{"line":7,"column":44}},"6":{"start":{"line":9,"column":4},"end":{"line":9,"column":11}},"7":{"start":{"line":13,"column":0},"end":{"line":26,"column":2}},"8":{"start":{"line":14,"column":2},"end":{"line":25,"column":3}},"9":{"start":{"line":15,"column":21},"end":{"line":19,"column":13}},"10":{"start":{"line":20,"column":19},"end":{"line":20,"column":43}},"11":{"start":{"line":21,"column":4},"end":{"line":21,"column":54}},"12":{"start":{"line":22,"column":4},"end":{"line":22,"column":33}},"13":{"start":{"line":24,"column":4},"end":{"line":24,"column":75}},"14":{"start":{"line":28,"column":0},"end":{"line":47,"column":2}},"15":{"start":{"line":29,"column":2},"end":{"line":46,"column":3}},"16":{"start":{"line":30,"column":21},"end":{"line":34,"column":64}},"17":{"start":{"line":35,"column":19},"end":{"line":35,"column":43}},"18":{"start":{"line":36,"column":4},"end":{"line":41,"column":5}},"19":{"start":{"line":37,"column":6},"end":{"line":37,"column":50}},"20":{"start":{"line":39,"column":6},"end":{"line":39,"column":56}},"21":{"start":{"line":40,"column":6},"end":{"line":40,"column":35}},"22":{"start":{"line":43,"column":4},"end":{"line":45,"column":73}},"23":{"start":{"line":49,"column":0},"end":{"line":75,"column":2}},"24":{"start":{"line":50,"column":2},"end":{"line":74,"column":3}},"25":{"start":{"line":51,"column":21},"end":{"line":62,"column":8}},"26":{"start":{"line":63,"column":19},"end":{"line":63,"column":43}},"27":{"start":{"line":64,"column":4},"end":{"line":69,"column":5}},"28":{"start":{"line":65,"column":6},"end":{"line":65,"column":50}},"29":{"start":{"line":67,"column":6},"end":{"line":67,"column":56}},"30":{"start":{"line":68,"column":6},"end":{"line":68,"column":35}},"31":{"start":{"line":71,"column":4},"end":{"line":73,"column":73}},"32":{"start":{"line":77,"column":0},"end":{"line":96,"column":2}},"33":{"start":{"line":78,"column":2},"end":{"line":95,"column":3}},"34":{"start":{"line":79,"column":21},"end":{"line":83,"column":74}},"35":{"start":{"line":84,"column":19},"end":{"line":84,"column":43}},"36":{"start":{"line":85,"column":4},"end":{"line":90,"column":5}},"37":{"start":{"line":86,"column":6},"end":{"line":86,"column":50}},"38":{"start":{"line":88,"column":6},"end":{"line":88,"column":56}},"39":{"start":{"line":89,"column":6},"end":{"line":89,"column":35}},"40":{"start":{"line":92,"column":4},"end":{"line":94,"column":73}},"41":{"start":{"line":98,"column":0},"end":{"line":117,"column":2}},"42":{"start":{"line":99,"column":2},"end":{"line":116,"column":3}},"43":{"start":{"line":100,"column":21},"end":{"line":104,"column":49}},"44":{"start":{"line":105,"column":19},"end":{"line":105,"column":43}},"45":{"start":{"line":106,"column":4},"end":{"line":111,"column":5}},"46":{"start":{"line":107,"column":6},"end":{"line":107,"column":50}},"47":{"start":{"line":109,"column":6},"end":{"line":109,"column":56}},"48":{"start":{"line":110,"column":6},"end":{"line":110,"column":35}},"49":{"start":{"line":113,"column":4},"end":{"line":115,"column":73}},"50":{"start":{"line":119,"column":0},"end":{"line":145,"column":2}},"51":{"start":{"line":120,"column":2},"end":{"line":144,"column":3}},"52":{"start":{"line":121,"column":21},"end":{"line":132,"column":8}},"53":{"start":{"line":133,"column":4},"end":{"line":139,"column":5}},"54":{"start":{"line":134,"column":6},"end":{"line":134,"column":29}},"55":{"start":{"line":136,"column":6},"end":{"line":138,"column":72}},"56":{"start":{"line":141,"column":4},"end":{"line":143,"column":74}},"57":{"start":{"line":147,"column":0},"end":{"line":177,"column":2}},"58":{"start":{"line":148,"column":2},"end":{"line":176,"column":3}},"59":{"start":{"line":149,"column":21},"end":{"line":163,"column":7}},"60":{"start":{"line":165,"column":4},"end":{"line":171,"column":5}},"61":{"start":{"line":166,"column":6},"end":{"line":166,"column":50}},"62":{"start":{"line":167,"column":11},"end":{"line":171,"column":5}},"63":{"start":{"line":168,"column":6},"end":{"line":168,"column":29}},"64":{"start":{"line":170,"column":6},"end":{"line":170,"column":78}},"65":{"start":{"line":173,"column":4},"end":{"line":175,"column":74}},"66":{"start":{"line":179,"column":0},"end":{"line":199,"column":2}},"67":{"start":{"line":180,"column":2},"end":{"line":198,"column":3}},"68":{"start":{"line":181,"column":21},"end":{"line":185,"column":54}},"69":{"start":{"line":187,"column":4},"end":{"line":193,"column":5}},"70":{"start":{"line":188,"column":6},"end":{"line":188,"column":50}},"71":{"start":{"line":189,"column":11},"end":{"line":193,"column":5}},"72":{"start":{"line":190,"column":6},"end":{"line":190,"column":29}},"73":{"start":{"line":192,"column":6},"end":{"line":192,"column":78}},"74":{"start":{"line":195,"column":4},"end":{"line":197,"column":74}},"75":{"start":{"line":201,"column":0},"end":{"line":201,"column":37}}},"fnMap":{"0":{"name":"(anonymous_0)","decl":{"start":{"line":5,"column":38},"end":{"line":5,"column":39}},"loc":{"start":{"line":5,"column":58},"end":{"line":11,"column":1}},"line":5},"1":{"name":"(anonymous_1)","decl":{"start":{"line":13,"column":29},"end":{"line":13,"column":30}},"loc":{"start":{"line":13,"column":47},"end":{"line":26,"column":1}},"line":13},"2":{"name":"(anonymous_2)","decl":{"start":{"line":28,"column":33},"end":{"line":28,"column":34}},"loc":{"start":{"line":28,"column":53},"end":{"line":47,"column":1}},"line":28},"3":{"name":"(anonymous_3)","decl":{"start":{"line":49,"column":37},"end":{"line":49,"column":38}},"loc":{"start":{"line":49,"column":57},"end":{"line":75,"column":1}},"line":49},"4":{"name":"(anonymous_4)","decl":{"start":{"line":77,"column":38},"end":{"line":77,"column":39}},"loc":{"start":{"line":77,"column":58},"end":{"line":96,"column":1}},"line":77},"5":{"name":"(anonymous_5)","decl":{"start":{"line":98,"column":30},"end":{"line":98,"column":31}},"loc":{"start":{"line":98,"column":50},"end":{"line":117,"column":1}},"line":98},"6":{"name":"(anonymous_6)","decl":{"start":{"line":119,"column":38},"end":{"line":119,"column":39}},"loc":{"start":{"line":119,"column":58},"end":{"line":145,"column":1}},"line":119},"7":{"name":"(anonymous_7)","decl":{"start":{"line":147,"column":38},"end":{"line":147,"column":39}},"loc":{"start":{"line":147,"column":58},"end":{"line":177,"column":1}},"line":147},"8":{"name":"(anonymous_8)","decl":{"start":{"line":179,"column":38},"end":{"line":179,"column":39}},"loc":{"start":{"line":179,"column":58},"end":{"line":199,"column":1}},"line":179}},"branchMap":{"0":{"loc":{"start":{"line":6,"column":2},"end":{"line":10,"column":3}},"type":"if","locations":[{"start":{"line":6,"column":2},"end":{"line":10,"column":3}},{"start":{"line":8,"column":9},"end":{"line":10,"column":3}}],"line":6},"1":{"loc":{"start":{"line":36,"column":4},"end":{"line":41,"column":5}},"type":"if","locations":[{"start":{"line":36,"column":4},"end":{"line":41,"column":5}},{"start":{"line":38,"column":11},"end":{"line":41,"column":5}}],"line":36},"2":{"loc":{"start":{"line":64,"column":4},"end":{"line":69,"column":5}},"type":"if","locations":[{"start":{"line":64,"column":4},"end":{"line":69,"column":5}},{"start":{"line":66,"column":11},"end":{"line":69,"column":5}}],"line":64},"3":{"loc":{"start":{"line":85,"column":4},"end":{"line":90,"column":5}},"type":"if","locations":[{"start":{"line":85,"column":4},"end":{"line":90,"column":5}},{"start":{"line":87,"column":11},"end":{"line":90,"column":5}}],"line":85},"4":{"loc":{"start":{"line":106,"column":4},"end":{"line":111,"column":5}},"type":"if","locations":[{"start":{"line":106,"column":4},"end":{"line":111,"column":5}},{"start":{"line":108,"column":11},"end":{"line":111,"column":5}}],"line":106},"5":{"loc":{"start":{"line":133,"column":4},"end":{"line":139,"column":5}},"type":"if","locations":[{"start":{"line":133,"column":4},"end":{"line":139,"column":5}},{"start":{"line":135,"column":11},"end":{"line":139,"column":5}}],"line":133},"6":{"loc":{"start":{"line":165,"column":4},"end":{"line":171,"column":5}},"type":"if","locations":[{"start":{"line":165,"column":4},"end":{"line":171,"column":5}},{"start":{"line":167,"column":11},"end":{"line":171,"column":5}}],"line":165},"7":{"loc":{"start":{"line":167,"column":11},"end":{"line":171,"column":5}},"type":"if","locations":[{"start":{"line":167,"column":11},"end":{"line":171,"column":5}},{"start":{"line":169,"column":11},"end":{"line":171,"column":5}}],"line":167},"8":{"loc":{"start":{"line":187,"column":4},"end":{"line":193,"column":5}},"type":"if","locations":[{"start":{"line":187,"column":4},"end":{"line":193,"column":5}},{"start":{"line":189,"column":11},"end":{"line":193,"column":5}}],"line":187},"9":{"loc":{"start":{"line":189,"column":11},"end":{"line":193,"column":5}},"type":"if","locations":[{"start":{"line":189,"column":11},"end":{"line":193,"column":5}},{"start":{"line":191,"column":11},"end":{"line":193,"column":5}}],"line":189}},"s":{"0":2,"1":2,"2":2,"3":2,"4":2,"5":1,"6":1,"7":2,"8":2,"9":2,"10":1,"11":1,"12":1,"13":1,"14":2,"15":3,"16":3,"17":2,"18":2,"19":1,"20":1,"21":1,"22":1,"23":2,"24":3,"25":3,"26":2,"27":2,"28":1,"29":1,"30":1,"31":1,"32":2,"33":3,"34":3,"35":2,"36":2,"37":1,"38":1,"39":1,"40":1,"41":2,"42":3,"43":3,"44":2,"45":2,"46":1,"47":1,"48":1,"49":1,"50":2,"51":3,"52":3,"53":2,"54":1,"55":1,"56":1,"57":2,"58":4,"59":4,"60":2,"61":0,"62":2,"63":1,"64":1,"65":2,"66":2,"67":0,"68":0,"69":0,"70":0,"71":0,"72":0,"73":0,"74":0,"75":2},"f":{"0":2,"1":2,"2":3,"3":3,"4":3,"5":3,"6":3,"7":4,"8":0},"b":{"0":[1,1],"1":[1,1],"2":[1,1],"3":[1,1],"4":[1,1],"5":[1,1],"6":[0,2],"7":[1,1],"8":[0,0],"9":[0,0]},"_coverageSchema":"1a1c01bbd47fc00a2c39e90264f33305004495a9","hash":"2b4a96edb79db4fa4238afd7a4832705ebe1594a"}
}
