TN:
SF:server.js
FN:15,(anonymous_0)
FN:21,(anonymous_1)
FN:60,(anonymous_2)
FN:66,(anonymous_3)
FN:69,(anonymous_4)
FN:73,(anonymous_5)
FN:87,(anonymous_6)
FN:106,(anonymous_7)
FN:127,(anonymous_8)
FN:131,(anonymous_9)
FNF:10
FNH:0
FNDA:0,(anonymous_0)
FNDA:0,(anonymous_1)
FNDA:0,(anonymous_2)
FNDA:0,(anonymous_3)
FNDA:0,(anonymous_4)
FNDA:0,(anonymous_5)
FNDA:0,(anonymous_6)
FNDA:0,(anonymous_7)
FNDA:0,(anonymous_8)
FNDA:0,(anonymous_9)
DA:4,1
DA:5,1
DA:6,1
DA:7,1
DA:8,1
DA:9,1
DA:10,1
DA:11,1
DA:12,1
DA:15,1
DA:16,0
DA:21,1
DA:22,0
DA:28,1
DA:33,1
DA:34,1
DA:35,1
DA:37,1
DA:42,1
DA:53,1
DA:61,0
DA:66,1
DA:67,0
DA:69,1
DA:70,0
DA:73,1
DA:74,0
DA:81,1
DA:88,0
DA:89,0
DA:96,1
DA:106,1
DA:107,0
DA:108,0
DA:109,0
DA:110,0
DA:116,1
DA:126,1
DA:127,0
DA:128,0
DA:129,0
DA:131,0
DA:132,0
DA:138,1
LF:44
LH:27
BRDA:75,0,0,0
BRDA:75,0,1,0
BRDA:107,1,0,0
BRDA:107,1,1,0
BRDA:108,2,0,0
BRDA:108,2,1,0
BRDA:109,3,0,0
BRDA:109,3,1,0
BRDA:116,4,0,1
BRDA:116,4,1,1
BRDA:126,5,0,0
BRDA:126,5,1,1
BRDA:128,6,0,0
BRDA:128,6,1,0
BRF:14
BRH:3
end_of_record
TN:
SF:config\db.js
FN:14,(anonymous_0)
FN:21,(anonymous_1)
FN:25,(anonymous_2)
FN:33,(anonymous_3)
FNF:4
FNH:3
FNDA:1,(anonymous_0)
FNDA:1,(anonymous_1)
FNDA:0,(anonymous_2)
FNDA:4,(anonymous_3)
DA:5,4
DA:6,4
DA:14,4
DA:15,1
DA:16,0
DA:17,0
DA:20,1
DA:22,1
DA:23,1
DA:26,0
DA:33,4
DA:34,4
DA:35,0
DA:37,4
DA:40,4
LF:15
LH:11
BRDA:15,0,0,0
BRDA:15,0,1,1
BRDA:34,1,0,0
BRDA:34,1,1,4
BRF:4
BRH:2
end_of_record
TN:
SF:controllers\characters.js
FN:5,(anonymous_0)
FN:13,(anonymous_1)
FN:28,(anonymous_2)
FN:49,(anonymous_3)
FN:77,(anonymous_4)
FN:98,(anonymous_5)
FN:119,(anonymous_6)
FN:147,(anonymous_7)
FN:178,(anonymous_8)
FNF:9
FNH:9
FNDA:2,(anonymous_0)
FNDA:2,(anonymous_1)
FNDA:3,(anonymous_2)
FNDA:3,(anonymous_3)
FNDA:3,(anonymous_4)
FNDA:3,(anonymous_5)
FNDA:3,(anonymous_6)
FNDA:4,(anonymous_7)
FNDA:4,(anonymous_8)
DA:1,2
DA:2,2
DA:3,2
DA:5,2
DA:6,2
DA:7,1
DA:9,1
DA:13,2
DA:14,2
DA:15,2
DA:20,1
DA:21,1
DA:22,1
DA:24,1
DA:28,2
DA:29,3
DA:30,3
DA:35,2
DA:36,2
DA:37,1
DA:39,1
DA:40,1
DA:43,1
DA:49,2
DA:50,3
DA:51,3
DA:63,2
DA:64,2
DA:65,1
DA:67,1
DA:68,1
DA:71,1
DA:77,2
DA:78,3
DA:79,3
DA:84,2
DA:85,2
DA:86,1
DA:88,1
DA:89,1
DA:92,1
DA:98,2
DA:99,3
DA:100,3
DA:105,2
DA:106,2
DA:107,1
DA:109,1
DA:110,1
DA:113,1
DA:119,2
DA:120,3
DA:121,3
DA:133,2
DA:134,1
DA:136,1
DA:141,1
DA:147,2
DA:148,4
DA:149,4
DA:164,3
DA:165,1
DA:166,2
DA:167,1
DA:169,1
DA:172,1
DA:178,2
DA:179,4
DA:180,4
DA:186,3
DA:187,1
DA:188,2
DA:189,1
DA:191,1
DA:194,1
DA:200,2
LF:76
LH:76
BRDA:6,0,0,1
BRDA:6,0,1,1
BRDA:36,1,0,1
BRDA:36,1,1,1
BRDA:64,2,0,1
BRDA:64,2,1,1
BRDA:85,3,0,1
BRDA:85,3,1,1
BRDA:106,4,0,1
BRDA:106,4,1,1
BRDA:133,5,0,1
BRDA:133,5,1,1
BRDA:164,6,0,1
BRDA:164,6,1,2
BRDA:166,7,0,1
BRDA:166,7,1,1
BRDA:186,8,0,1
BRDA:186,8,1,2
BRDA:188,9,0,1
BRDA:188,9,1,1
BRF:20
BRH:20
end_of_record
TN:
SF:controllers\planets.js
FN:7,(anonymous_0)
FN:14,(anonymous_1)
FN:23,(anonymous_2)
FN:36,(anonymous_3)
FN:45,(anonymous_4)
FN:79,(anonymous_5)
FN:115,(anonymous_6)
FN:140,(anonymous_7)
FN:156,(anonymous_8)
FNF:9
FNH:4
FNDA:2,(anonymous_0)
FNDA:2,(anonymous_1)
FNDA:1,(anonymous_2)
FNDA:1,(anonymous_3)
FNDA:0,(anonymous_4)
FNDA:0,(anonymous_5)
FNDA:0,(anonymous_6)
FNDA:0,(anonymous_7)
FNDA:0,(anonymous_8)
DA:1,1
DA:2,1
DA:7,1
DA:12,2
DA:14,2
DA:15,2
DA:16,2
DA:23,1
DA:28,1
DA:30,1
DA:36,1
DA:37,1
DA:38,1
DA:45,1
DA:50,0
DA:61,0
DA:67,0
DA:68,0
DA:70,0
DA:79,1
DA:84,0
DA:95,0
DA:97,0
DA:103,0
DA:104,0
DA:106,0
DA:115,1
DA:120,0
DA:122,0
DA:128,0
DA:129,0
DA:131,0
DA:140,1
DA:145,0
DA:147,0
DA:151,0
DA:156,0
DA:157,0
DA:158,0
DA:162,1
LF:40
LH:18
BRDA:67,0,0,0
BRDA:67,0,1,0
BRDA:72,1,0,0
BRDA:72,1,1,0
BRDA:103,2,0,0
BRDA:103,2,1,0
BRDA:108,3,0,0
BRDA:108,3,1,0
BRDA:128,4,0,0
BRDA:128,4,1,0
BRDA:133,5,0,0
BRDA:133,5,1,0
BRF:12
BRH:0
end_of_record
TN:
SF:controllers\ships.js
FN:7,(anonymous_0)
FN:27,(anonymous_1)
FN:56,(anonymous_2)
FN:81,(anonymous_3)
FN:115,(anonymous_4)
FN:157,(anonymous_5)
FNF:6
FNH:6
FNDA:1,(anonymous_0)
FNDA:4,(anonymous_1)
FNDA:2,(anonymous_2)
FNDA:2,(anonymous_3)
FNDA:3,(anonymous_4)
FNDA:3,(anonymous_5)
DA:1,2
DA:2,2
DA:7,2
DA:12,1
DA:18,1
DA:19,1
DA:27,2
DA:32,4
DA:34,4
DA:35,4
DA:36,2
DA:39,4
DA:40,1
DA:43,4
DA:49,4
DA:50,4
DA:56,2
DA:61,2
DA:63,1
DA:66,1
DA:68,1
DA:74,1
DA:75,1
DA:81,2
DA:86,2
DA:97,2
DA:103,2
DA:104,1
DA:106,1
DA:115,2
DA:116,3
DA:118,1
DA:121,2
DA:123,2
DA:134,2
DA:145,2
DA:146,1
DA:148,1
DA:157,2
DA:162,3
DA:164,1
DA:167,2
DA:169,2
DA:175,2
DA:176,1
DA:178,1
DA:184,2
LF:47
LH:47
BRDA:35,0,0,2
BRDA:35,0,1,2
BRDA:39,1,0,1
BRDA:39,1,1,3
BRDA:61,2,0,1
BRDA:61,2,1,1
BRDA:103,3,0,1
BRDA:103,3,1,1
BRDA:108,4,0,1
BRDA:108,4,1,1
BRDA:116,5,0,1
BRDA:116,5,1,2
BRDA:145,6,0,1
BRDA:145,6,1,1
BRDA:150,7,0,1
BRDA:150,7,1,1
BRDA:162,8,0,1
BRDA:162,8,1,2
BRDA:175,9,0,1
BRDA:175,9,1,1
BRDA:180,10,0,1
BRDA:180,10,1,1
BRF:22
BRH:22
end_of_record
TN:
SF:controllers\vehicles.js
FN:10,(anonymous_0)
FN:15,(anonymous_1)
FN:24,(anonymous_2)
FN:34,(anonymous_3)
FN:44,(anonymous_4)
FN:86,(anonymous_5)
FN:119,(anonymous_6)
FN:152,(anonymous_7)
FNF:8
FNH:8
FNDA:1,(anonymous_0)
FNDA:1,(anonymous_1)
FNDA:1,(anonymous_2)
FNDA:1,(anonymous_3)
FNDA:4,(anonymous_4)
FNDA:2,(anonymous_5)
FNDA:2,(anonymous_6)
FNDA:5,(anonymous_7)
DA:4,2
DA:5,2
DA:10,2
DA:14,1
DA:15,1
DA:16,1
DA:17,1
DA:24,2
DA:28,1
DA:29,1
DA:34,1
DA:35,1
DA:36,1
DA:44,2
DA:49,4
DA:51,4
DA:52,4
DA:53,2
DA:55,4
DA:56,1
DA:58,4
DA:59,1
DA:61,4
DA:62,1
DA:65,4
DA:66,4
DA:73,3
DA:74,3
DA:76,1
DA:86,2
DA:90,2
DA:102,2
DA:107,2
DA:108,1
DA:110,1
DA:119,2
DA:123,2
DA:124,2
DA:135,2
DA:140,2
DA:141,1
DA:143,1
DA:152,2
DA:156,5
DA:158,5
DA:159,5
DA:160,1
DA:162,4
DA:163,1
DA:166,3
DA:171,3
DA:172,1
DA:174,1
DA:178,1
DA:185,2
LF:55
LH:55
BRDA:52,0,0,2
BRDA:52,0,1,2
BRDA:55,1,0,1
BRDA:55,1,1,3
BRDA:58,2,0,1
BRDA:58,2,1,3
BRDA:61,3,0,1
BRDA:61,3,1,3
BRDA:107,4,0,1
BRDA:107,4,1,1
BRDA:107,5,0,2
BRDA:107,5,1,1
BRDA:112,6,0,1
BRDA:112,6,1,0
BRDA:112,6,2,1
BRDA:140,7,0,1
BRDA:140,7,1,1
BRDA:140,8,0,2
BRDA:140,8,1,1
BRDA:145,9,0,1
BRDA:145,9,1,0
BRDA:145,9,2,1
BRDA:159,10,0,1
BRDA:159,10,1,4
BRDA:162,11,0,1
BRDA:162,11,1,3
BRDA:171,12,0,1
BRDA:171,12,1,1
BRF:28
BRH:26
end_of_record
TN:
SF:middleware\authenticate.js
FN:1,(anonymous_0)
FNF:1
FNH:0
FNDA:0,(anonymous_0)
DA:1,1
DA:2,0
DA:3,0
DA:5,0
DA:8,1
LF:5
LH:2
BRDA:2,0,0,0
BRDA:2,0,1,0
BRF:2
BRH:0
end_of_record
TN:
SF:middleware\error-handling.js
FN:6,(anonymous_0)
FN:6,(anonymous_1)
FNF:2
FNH:0
FNDA:0,(anonymous_0)
FNDA:0,(anonymous_1)
DA:6,1
DA:7,0
DA:10,1
LF:3
LH:2
BRF:0
BRH:0
end_of_record
TN:
SF:routes\characters.js
FNF:0
FNH:0
DA:4,1
DA:5,1
DA:6,1
DA:7,1
DA:8,1
DA:12,1
DA:17,1
DA:18,1
DA:19,1
DA:20,1
DA:21,1
DA:30,1
DA:41,1
DA:53,1
DA:60,1
DA:62,1
LF:16
LH:16
BRF:0
BRH:0
end_of_record
TN:
SF:routes\index.js
FN:36,(anonymous_0)
FN:41,(anonymous_1)
FN:42,(anonymous_2)
FNF:3
FNH:0
FNDA:0,(anonymous_0)
FNDA:0,(anonymous_1)
FNDA:0,(anonymous_2)
DA:4,1
DA:5,1
DA:6,1
DA:15,1
DA:20,1
DA:25,1
DA:30,1
DA:36,1
DA:41,1
DA:42,0
DA:43,0
DA:44,0
DA:46,0
DA:50,1
LF:14
LH:10
BRDA:43,0,0,0
BRDA:43,0,1,0
BRF:2
BRH:0
end_of_record
TN:
SF:routes\planets.js
FNF:0
FNH:0
DA:4,1
DA:5,1
DA:6,1
DA:7,1
DA:12,1
DA:17,1
DA:19,1
DA:21,1
DA:27,1
DA:33,1
DA:46,1
DA:48,1
LF:12
LH:12
BRF:0
BRH:0
end_of_record
TN:
SF:routes\ships.js
FNF:0
FNH:0
DA:1,1
DA:2,1
DA:3,1
DA:4,1
DA:5,1
DA:9,1
DA:14,1
DA:21,1
DA:26,1
DA:31,1
DA:42,1
DA:53,1
DA:55,1
DA:57,1
LF:14
LH:14
BRF:0
BRH:0
end_of_record
TN:
SF:routes\vehicles.js
FNF:0
FNH:0
DA:4,1
DA:5,1
DA:6,1
DA:7,1
DA:8,1
DA:9,1
DA:14,1
DA:16,1
DA:18,1
DA:23,1
DA:34,1
DA:45,1
DA:47,1
DA:48,1
LF:14
LH:14
BRF:0
BRH:0
end_of_record
TN:
SF:validation\characters.js
FN:62,validateCharacter
FN:65,(anonymous_1)
FNF:2
FNH:1
FNDA:1,validateCharacter
FNDA:0,(anonymous_1)
DA:1,2
DA:3,2
DA:63,1
DA:64,1
DA:65,0
DA:66,0
DA:68,1
DA:71,2
LF:8
LH:6
BRDA:64,0,0,0
BRDA:64,0,1,1
BRF:2
BRH:1
end_of_record
TN:
SF:validation\planetValidation.js
FN:4,planetRules
FN:15,(anonymous_1)
FN:24,(anonymous_2)
FN:33,(anonymous_3)
FN:43,validatePlanet
FN:52,(anonymous_5)
FNF:6
FNH:2
FNDA:2,planetRules
FNDA:0,(anonymous_1)
FNDA:0,(anonymous_2)
FNDA:0,(anonymous_3)
FNDA:0,validatePlanet
FNDA:3,(anonymous_5)
DA:1,1
DA:2,1
DA:5,2
DA:16,0
DA:17,0
DA:19,0
DA:25,0
DA:26,0
DA:28,0
DA:34,0
DA:35,0
DA:37,0
DA:44,0
DA:45,0
DA:46,0
DA:47,0
DA:49,0
DA:52,1
DA:53,3
DA:54,3
DA:55,2
DA:57,1
DA:60,1
LF:23
LH:9
BRDA:16,0,0,0
BRDA:16,0,1,0
BRDA:25,1,0,0
BRDA:25,1,1,0
BRDA:34,2,0,0
BRDA:34,2,1,0
BRDA:46,3,0,0
BRDA:46,3,1,0
BRDA:54,4,0,2
BRDA:54,4,1,1
BRF:10
BRH:2
end_of_record
TN:
SF:validation\shipValidation.js
FN:9,(anonymous_0)
FN:48,(anonymous_1)
FN:55,(anonymous_2)
FNF:3
FNH:1
FNDA:2,(anonymous_0)
FNDA:0,(anonymous_1)
FNDA:0,(anonymous_2)
DA:4,1
DA:9,1
DA:10,2
DA:48,1
DA:49,0
DA:50,0
DA:51,0
DA:54,0
DA:55,0
DA:57,0
DA:62,1
LF:11
LH:5
BRDA:50,0,0,0
BRDA:50,0,1,0
BRF:2
BRH:0
end_of_record
TN:
SF:validation\vehicles.js
FN:11,(anonymous_0)
FN:72,(anonymous_1)
FN:78,(anonymous_2)
FNF:3
FNH:1
FNDA:2,(anonymous_0)
FNDA:0,(anonymous_1)
FNDA:0,(anonymous_2)
DA:4,1
DA:6,1
DA:11,1
DA:12,2
DA:72,1
DA:73,0
DA:74,0
DA:75,0
DA:77,0
DA:78,0
DA:80,0
DA:85,1
LF:12
LH:6
BRDA:74,0,0,0
BRDA:74,0,1,0
BRF:2
BRH:0
end_of_record
