TN:
SF:server.js
FN:11,(anonymous_0)
FN:16,(anonymous_1)
FN:46,(anonymous_2)
FN:60,(anonymous_3)
FN:61,(anonymous_4)
FN:65,(anonymous_5)
FNF:6
FNH:3
FNDA:0,(anonymous_0)
FNDA:0,(anonymous_1)
FNDA:0,(anonymous_2)
FNDA:1,(anonymous_3)
FNDA:1,(anonymous_4)
FNDA:1,(anonymous_5)
DA:4,1
DA:5,1
DA:6,1
DA:7,1
DA:8,1
DA:11,1
DA:12,0
DA:16,1
DA:17,0
DA:23,1
DA:28,1
DA:29,1
DA:30,1
DA:32,1
DA:37,1
DA:46,1
DA:47,0
DA:48,0
DA:49,0
DA:55,1
DA:60,1
DA:61,1
DA:62,1
DA:63,0
DA:65,1
DA:66,1
DA:72,1
LF:27
LH:21
BRDA:47,0,0,0
BRDA:47,0,1,0
BRDA:48,1,0,0
BRDA:48,1,1,0
BRDA:55,2,0,1
BRDA:55,2,1,1
BRDA:62,3,0,0
BRDA:62,3,1,1
BRF:8
BRH:3
end_of_record
TN:
SF:config\db.js
FN:13,(anonymous_0)
FN:33,(anonymous_1)
FNF:2
FNH:2
FNDA:2,(anonymous_0)
FNDA:11,(anonymous_1)
DA:4,1
DA:5,1
DA:13,1
DA:14,2
DA:15,0
DA:16,0
DA:19,2
DA:20,2
DA:21,2
DA:22,2
DA:25,0
DA:33,1
DA:34,11
DA:35,0
DA:37,11
DA:40,1
LF:16
LH:12
BRDA:14,0,0,0
BRDA:14,0,1,2
BRDA:34,1,0,0
BRDA:34,1,1,11
BRF:4
BRH:2
end_of_record
